2023-02-15T06:24:18.293Z [Log] error: user already exists, method: createUser, stack:Error: user already exists
    at new APIErrors (/home/nexusx45/Code/user-project/utils/classes/api-errors.js:9:11)
    at createUser (/home/nexusx45/Code/user-project/controller/user.controller.js:12:15)
    at processTicksAndRejections (internal/process/task_queues.js:97:5)
2023-02-15T06:29:31.891Z [Log] error: Duplication Error, method: createUser, stack: 
    Error: user already exists
    at new APIErrors (/home/nexusx45/Code/user-project/utils/classes/api-errors.js:9:11)
    at createUser (/home/nexusx45/Code/user-project/controller/user.controller.js:12:15)
    at processTicksAndRejections (internal/process/task_queues.js:97:5)
2023-02-15T07:21:44.432Z [Log] error: Duplication Error, method: createUser
    Error: User already exists
    at new APIErrors (/home/nexusx45/Code/user-project/utils/classes/api-errors.js:9:11)
    at createUser (/home/nexusx45/Code/user-project/controller/user.controller.js:12:15)
    at processTicksAndRejections (internal/process/task_queues.js:97:5)
2023-02-15T07:53:47.020Z [Log] error: undefined, method: undefined
    Error: An error occured
    at new APIErrors (/home/nexusx45/Code/user-project/utils/classes/api-errors.js:14:11)
    at deleteUser (/home/nexusx45/Code/user-project/controller/user.controller.js:38:15)
    at processTicksAndRejections (internal/process/task_queues.js:97:5)
2023-02-15T07:55:46.428Z [Log] error: user not found, method: deleteUser
    Error: User doesn't exist
    at new APIErrors (/home/nexusx45/Code/user-project/utils/classes/api-errors.js:9:11)
    at deleteUser (/home/nexusx45/Code/user-project/controller/user.controller.js:38:15)
    at processTicksAndRejections (internal/process/task_queues.js:97:5)
2023-02-15T07:56:33.021Z [Log] error: user not found, method: deleteUser
    Error: User doesn't exist
    at new APIErrors (/home/nexusx45/Code/user-project/utils/classes/api-errors.js:9:11)
    at deleteUser (/home/nexusx45/Code/user-project/controller/user.controller.js:39:15)
    at processTicksAndRejections (internal/process/task_queues.js:97:5)
2023-02-15T07:56:45.692Z [Log] error: user not found, method: deleteUser
    Error: User doesn't exist
    at new APIErrors (/home/nexusx45/Code/user-project/utils/classes/api-errors.js:9:11)
    at deleteUser (/home/nexusx45/Code/user-project/controller/user.controller.js:39:15)
    at processTicksAndRejections (internal/process/task_queues.js:97:5)
2023-02-15T07:57:32.401Z [Log] error: user not found, method: deleteUser
    Error: User doesn't exist
    at new APIErrors (/home/nexusx45/Code/user-project/utils/classes/api-errors.js:9:11)
    at deleteUser (/home/nexusx45/Code/user-project/controller/user.controller.js:39:15)
    at processTicksAndRejections (internal/process/task_queues.js:97:5)
2023-02-15T07:58:16.899Z [Log] error: user not found, method: deleteUser
    Error: User doesn't exist
    at new APIErrors (/home/nexusx45/Code/user-project/utils/classes/api-errors.js:9:11)
    at deleteUser (/home/nexusx45/Code/user-project/controller/user.controller.js:38:15)
    at processTicksAndRejections (internal/process/task_queues.js:97:5)
2023-02-15T08:00:59.712Z [Log] error: user not found, method: deleteUser
    Error: User doesn't exist
    at new APIErrors (/home/nexusx45/Code/user-project/utils/classes/api-errors.js:9:11)
    at deleteUser (/home/nexusx45/Code/user-project/controller/user.controller.js:45:15)
    at processTicksAndRejections (internal/process/task_queues.js:97:5)
2023-02-15T08:01:28.247Z [Log] error: Duplication Error, method: createUser
    Error: User already exists
    at new APIErrors (/home/nexusx45/Code/user-project/utils/classes/api-errors.js:9:11)
    at createUser (/home/nexusx45/Code/user-project/controller/user.controller.js:12:15)
    at processTicksAndRejections (internal/process/task_queues.js:97:5)
2023-02-15T08:01:33.775Z [Log] error: user not found, method: deleteUser
    Error: User doesn't exist
    at new APIErrors (/home/nexusx45/Code/user-project/utils/classes/api-errors.js:9:11)
    at deleteUser (/home/nexusx45/Code/user-project/controller/user.controller.js:45:15)
    at processTicksAndRejections (internal/process/task_queues.js:97:5)
2023-02-15T08:02:12.991Z [Log] error: user not found, method: deleteUser
    Error: User doesn't exist
    at new APIErrors (/home/nexusx45/Code/user-project/utils/classes/api-errors.js:9:11)
    at deleteUser (/home/nexusx45/Code/user-project/controller/user.controller.js:46:15)
    at processTicksAndRejections (internal/process/task_queues.js:97:5)
2023-02-15T08:02:34.085Z [Log] error: user not found, method: deleteUser
    Error: User doesn't exist
    at new APIErrors (/home/nexusx45/Code/user-project/utils/classes/api-errors.js:9:11)
    at deleteUser (/home/nexusx45/Code/user-project/controller/user.controller.js:47:15)
    at processTicksAndRejections (internal/process/task_queues.js:97:5)
2023-02-15T08:03:52.207Z [Log] error: user not found, method: deleteUser
    Error: User doesn't exist
    at new APIErrors (/home/nexusx45/Code/user-project/utils/classes/api-errors.js:9:11)
    at deleteUser (/home/nexusx45/Code/user-project/controller/user.controller.js:46:15)
    at processTicksAndRejections (internal/process/task_queues.js:97:5)
2023-02-15T09:06:43.057Z [Log] error: Cannot read property 'fetchAllUsers' of undefined, method: undefined
    TypeError: Cannot read property 'fetchAllUsers' of undefined
    at fetchAllUsers (/home/nexusx45/Code/user-project/controller/user.controller.js:33:16)
    at processTicksAndRejections (internal/process/task_queues.js:97:5)
2023-02-15T09:07:40.296Z [Log] error: no records, method: fetchAllUsers
    Error: No records found
    at new APIErrors (/home/nexusx45/Code/user-project/utils/classes/api-errors.js:9:11)
    at fetchAllUsers (/home/nexusx45/Code/user-project/controller/user.controller.js:29:15)
    at processTicksAndRejections (internal/process/task_queues.js:97:5)
2023-02-15T09:43:12.062Z [Log] error: Assignment to constant variable., method: undefined
    TypeError: Assignment to constant variable.
    at updateUser (/home/nexusx45/Code/user-project/controller/user.controller.js:45:12)
    at processTicksAndRejections (internal/process/task_queues.js:97:5)
2023-02-15T09:47:05.495Z [Log] error: name is not defined, method: undefined
    ReferenceError: name is not defined
    at updateUser (/home/nexusx45/Code/user-project/controller/user.controller.js:45:10)
    at processTicksAndRejections (internal/process/task_queues.js:97:5)
2023-02-15T09:48:14.941Z [Log] error: Assignment to constant variable., method: undefined
    TypeError: Assignment to constant variable.
    at updateUser (/home/nexusx45/Code/user-project/controller/user.controller.js:45:12)
    at processTicksAndRejections (internal/process/task_queues.js:97:5)
2023-02-16T07:43:50.369Z [Log] error: data and hash arguments required, method: undefined
    Error: data and hash arguments required
    at Object.compare (/home/nexusx45/Code/user-project/node_modules/bcrypt/bcrypt.js:208:17)
    at /home/nexusx45/Code/user-project/node_modules/bcrypt/promises.js:29:12
    at new Promise (<anonymous>)
    at Object.module.exports.promise (/home/nexusx45/Code/user-project/node_modules/bcrypt/promises.js:20:12)
    at Object.compare (/home/nexusx45/Code/user-project/node_modules/bcrypt/bcrypt.js:204:25)
    at loginUser (/home/nexusx45/Code/user-project/src/controller/user.controller.js:89:38)
    at Layer.handle [as handle_request] (/home/nexusx45/Code/user-project/node_modules/express/lib/router/layer.js:95:5)
    at next (/home/nexusx45/Code/user-project/node_modules/express/lib/router/route.js:144:13)
    at Route.dispatch (/home/nexusx45/Code/user-project/node_modules/express/lib/router/route.js:114:3)
    at Layer.handle [as handle_request] (/home/nexusx45/Code/user-project/node_modules/express/lib/router/layer.js:95:5)
2023-02-16T07:46:20.088Z [Log] error: invalid creds, method: loginUser
    Error: Invalid Credentials
    at new ApiError (/home/nexusx45/Code/user-project/src/utils/classes/api-errors.js:16:11)
    at loginUser (/home/nexusx45/Code/user-project/src/controller/user.controller.js:79:30)
    at Layer.handle [as handle_request] (/home/nexusx45/Code/user-project/node_modules/express/lib/router/layer.js:95:5)
    at next (/home/nexusx45/Code/user-project/node_modules/express/lib/router/route.js:144:13)
    at Route.dispatch (/home/nexusx45/Code/user-project/node_modules/express/lib/router/route.js:114:3)
    at Layer.handle [as handle_request] (/home/nexusx45/Code/user-project/node_modules/express/lib/router/layer.js:95:5)
    at /home/nexusx45/Code/user-project/node_modules/express/lib/router/index.js:284:15
    at Function.process_params (/home/nexusx45/Code/user-project/node_modules/express/lib/router/index.js:346:12)
    at next (/home/nexusx45/Code/user-project/node_modules/express/lib/router/index.js:280:10)
    at Function.handle (/home/nexusx45/Code/user-project/node_modules/express/lib/router/index.js:175:3)
2023-02-16T07:47:23.226Z [Log] error: invalid creds, method: loginUser
    Error: Invalid Credentials
    at new ApiError (/home/nexusx45/Code/user-project/src/utils/classes/api-errors.js:16:11)
    at loginUser (/home/nexusx45/Code/user-project/src/controller/user.controller.js:79:30)
    at Layer.handle [as handle_request] (/home/nexusx45/Code/user-project/node_modules/express/lib/router/layer.js:95:5)
    at next (/home/nexusx45/Code/user-project/node_modules/express/lib/router/route.js:144:13)
    at Route.dispatch (/home/nexusx45/Code/user-project/node_modules/express/lib/router/route.js:114:3)
    at Layer.handle [as handle_request] (/home/nexusx45/Code/user-project/node_modules/express/lib/router/layer.js:95:5)
    at /home/nexusx45/Code/user-project/node_modules/express/lib/router/index.js:284:15
    at Function.process_params (/home/nexusx45/Code/user-project/node_modules/express/lib/router/index.js:346:12)
    at next (/home/nexusx45/Code/user-project/node_modules/express/lib/router/index.js:280:10)
    at Function.handle (/home/nexusx45/Code/user-project/node_modules/express/lib/router/index.js:175:3)
2023-02-16T07:51:13.118Z [Log] error: invalid creds, method: loginUser
    Error: Invalid Credentials
    at new ApiError (/home/nexusx45/Code/user-project/src/utils/classes/api-errors.js:16:11)
    at loginUser (/home/nexusx45/Code/user-project/src/controller/user.controller.js:79:30)
    at Layer.handle [as handle_request] (/home/nexusx45/Code/user-project/node_modules/express/lib/router/layer.js:95:5)
    at next (/home/nexusx45/Code/user-project/node_modules/express/lib/router/route.js:144:13)
    at Route.dispatch (/home/nexusx45/Code/user-project/node_modules/express/lib/router/route.js:114:3)
    at Layer.handle [as handle_request] (/home/nexusx45/Code/user-project/node_modules/express/lib/router/layer.js:95:5)
    at /home/nexusx45/Code/user-project/node_modules/express/lib/router/index.js:284:15
    at Function.process_params (/home/nexusx45/Code/user-project/node_modules/express/lib/router/index.js:346:12)
    at next (/home/nexusx45/Code/user-project/node_modules/express/lib/router/index.js:280:10)
    at Function.handle (/home/nexusx45/Code/user-project/node_modules/express/lib/router/index.js:175:3)
2023-02-16T07:53:51.851Z [Log] error: invalid creds, method: loginUser
    Error: Invalid Credentials
    at new ApiError (/home/nexusx45/Code/user-project/src/utils/classes/api-errors.js:16:11)
    at loginUser (/home/nexusx45/Code/user-project/src/controller/user.controller.js:79:30)
    at Layer.handle [as handle_request] (/home/nexusx45/Code/user-project/node_modules/express/lib/router/layer.js:95:5)
    at next (/home/nexusx45/Code/user-project/node_modules/express/lib/router/route.js:144:13)
    at Route.dispatch (/home/nexusx45/Code/user-project/node_modules/express/lib/router/route.js:114:3)
    at Layer.handle [as handle_request] (/home/nexusx45/Code/user-project/node_modules/express/lib/router/layer.js:95:5)
    at /home/nexusx45/Code/user-project/node_modules/express/lib/router/index.js:284:15
    at Function.process_params (/home/nexusx45/Code/user-project/node_modules/express/lib/router/index.js:346:12)
    at next (/home/nexusx45/Code/user-project/node_modules/express/lib/router/index.js:280:10)
    at Function.handle (/home/nexusx45/Code/user-project/node_modules/express/lib/router/index.js:175:3)
2023-02-16T07:54:47.699Z [Log] error: invalid token, method: undefined
    JsonWebTokenError: invalid token
    at Object.module.exports [as verify] (/home/nexusx45/Code/user-project/node_modules/jsonwebtoken/verify.js:82:17)
    at authHandler (/home/nexusx45/Code/user-project/src/middleware/auth.middleware.js:6:20)
    at Layer.handle [as handle_request] (/home/nexusx45/Code/user-project/node_modules/express/lib/router/layer.js:95:5)
    at next (/home/nexusx45/Code/user-project/node_modules/express/lib/router/route.js:144:13)
    at Route.dispatch (/home/nexusx45/Code/user-project/node_modules/express/lib/router/route.js:114:3)
    at Layer.handle [as handle_request] (/home/nexusx45/Code/user-project/node_modules/express/lib/router/layer.js:95:5)
    at /home/nexusx45/Code/user-project/node_modules/express/lib/router/index.js:284:15
    at Function.process_params (/home/nexusx45/Code/user-project/node_modules/express/lib/router/index.js:346:12)
    at next (/home/nexusx45/Code/user-project/node_modules/express/lib/router/index.js:280:10)
    at Function.handle (/home/nexusx45/Code/user-project/node_modules/express/lib/router/index.js:175:3)
2023-02-16T07:58:09.524Z [Log] error: auth fail, method: authHandler
    Error: Authentication Failed
    at new ApiError (/home/nexusx45/Code/user-project/src/utils/classes/api-errors.js:16:11)
    at authHandler (/home/nexusx45/Code/user-project/src/middleware/auth.middleware.js:13:11)
    at Layer.handle [as handle_request] (/home/nexusx45/Code/user-project/node_modules/express/lib/router/layer.js:95:5)
    at next (/home/nexusx45/Code/user-project/node_modules/express/lib/router/route.js:144:13)
    at Route.dispatch (/home/nexusx45/Code/user-project/node_modules/express/lib/router/route.js:114:3)
    at Layer.handle [as handle_request] (/home/nexusx45/Code/user-project/node_modules/express/lib/router/layer.js:95:5)
    at /home/nexusx45/Code/user-project/node_modules/express/lib/router/index.js:284:15
    at Function.process_params (/home/nexusx45/Code/user-project/node_modules/express/lib/router/index.js:346:12)
    at next (/home/nexusx45/Code/user-project/node_modules/express/lib/router/index.js:280:10)
    at Function.handle (/home/nexusx45/Code/user-project/node_modules/express/lib/router/index.js:175:3)
2023-02-16T08:00:03.701Z [Log] error: auth fail, method: authHandler
    Error: Authentication Failed
    at new ApiError (/home/nexusx45/Code/user-project/src/utils/classes/api-errors.js:16:11)
    at authHandler (/home/nexusx45/Code/user-project/src/middleware/auth.middleware.js:18:11)
    at Layer.handle [as handle_request] (/home/nexusx45/Code/user-project/node_modules/express/lib/router/layer.js:95:5)
    at next (/home/nexusx45/Code/user-project/node_modules/express/lib/router/route.js:144:13)
    at Route.dispatch (/home/nexusx45/Code/user-project/node_modules/express/lib/router/route.js:114:3)
    at Layer.handle [as handle_request] (/home/nexusx45/Code/user-project/node_modules/express/lib/router/layer.js:95:5)
    at /home/nexusx45/Code/user-project/node_modules/express/lib/router/index.js:284:15
    at Function.process_params (/home/nexusx45/Code/user-project/node_modules/express/lib/router/index.js:346:12)
    at next (/home/nexusx45/Code/user-project/node_modules/express/lib/router/index.js:280:10)
    at Function.handle (/home/nexusx45/Code/user-project/node_modules/express/lib/router/index.js:175:3)
2023-02-16T08:02:45.382Z [Log] error: auth fail, method: authHandler
    Error: Authentication Failed
    at new ApiError (/home/nexusx45/Code/user-project/src/utils/classes/api-errors.js:16:11)
    at authHandler (/home/nexusx45/Code/user-project/src/middleware/auth.middleware.js:18:11)
    at Layer.handle [as handle_request] (/home/nexusx45/Code/user-project/node_modules/express/lib/router/layer.js:95:5)
    at next (/home/nexusx45/Code/user-project/node_modules/express/lib/router/route.js:144:13)
    at Route.dispatch (/home/nexusx45/Code/user-project/node_modules/express/lib/router/route.js:114:3)
    at Layer.handle [as handle_request] (/home/nexusx45/Code/user-project/node_modules/express/lib/router/layer.js:95:5)
    at /home/nexusx45/Code/user-project/node_modules/express/lib/router/index.js:284:15
    at Function.process_params (/home/nexusx45/Code/user-project/node_modules/express/lib/router/index.js:346:12)
    at next (/home/nexusx45/Code/user-project/node_modules/express/lib/router/index.js:280:10)
    at Function.handle (/home/nexusx45/Code/user-project/node_modules/express/lib/router/index.js:175:3)
2023-02-16T10:40:02.572Z [Log] error: auth fail, method: authHandler
    Error: Authentication Failed
    at new ApiError (/home/nexusx45/Code/user-project/src/utils/classes/api-errors.js:16:11)
    at authHandler (/home/nexusx45/Code/user-project/src/middleware/auth.middleware.js:11:11)
    at Layer.handle [as handle_request] (/home/nexusx45/Code/user-project/node_modules/express/lib/router/layer.js:95:5)
    at next (/home/nexusx45/Code/user-project/node_modules/express/lib/router/route.js:144:13)
    at Route.dispatch (/home/nexusx45/Code/user-project/node_modules/express/lib/router/route.js:114:3)
    at Layer.handle [as handle_request] (/home/nexusx45/Code/user-project/node_modules/express/lib/router/layer.js:95:5)
    at /home/nexusx45/Code/user-project/node_modules/express/lib/router/index.js:284:15
    at Function.process_params (/home/nexusx45/Code/user-project/node_modules/express/lib/router/index.js:346:12)
    at next (/home/nexusx45/Code/user-project/node_modules/express/lib/router/index.js:280:10)
    at Function.handle (/home/nexusx45/Code/user-project/node_modules/express/lib/router/index.js:175:3)
2023-02-16T10:40:11.854Z [Log] error: forbidden, method: createUser
    Error: User is not authorized
    at new ApiError (/home/nexusx45/Code/user-project/src/utils/classes/api-errors.js:16:11)
    at Object.<anonymous> (/home/nexusx45/Code/user-project/src/controller/user.controller.js:6:19)
    at Module._compile (internal/modules/cjs/loader.js:999:30)
    at Object.Module._extensions..js (internal/modules/cjs/loader.js:1027:10)
    at Module.load (internal/modules/cjs/loader.js:863:32)
    at Function.Module._load (internal/modules/cjs/loader.js:708:14)
    at Module.require (internal/modules/cjs/loader.js:887:19)
    at require (internal/modules/cjs/helpers.js:74:18)
    at Object.<anonymous> (/home/nexusx45/Code/user-project/src/routes/user.route.js:2:24)
    at Module._compile (internal/modules/cjs/loader.js:999:30)
2023-02-16T10:42:41.856Z [Log] error: auth fail, method: authHandler
    Error: Authentication Failed
    at new ApiError (/home/nexusx45/Code/user-project/src/utils/classes/api-errors.js:16:11)
    at authHandler (/home/nexusx45/Code/user-project/src/middleware/auth.middleware.js:11:11)
    at Layer.handle [as handle_request] (/home/nexusx45/Code/user-project/node_modules/express/lib/router/layer.js:95:5)
    at next (/home/nexusx45/Code/user-project/node_modules/express/lib/router/route.js:144:13)
    at Route.dispatch (/home/nexusx45/Code/user-project/node_modules/express/lib/router/route.js:114:3)
    at Layer.handle [as handle_request] (/home/nexusx45/Code/user-project/node_modules/express/lib/router/layer.js:95:5)
    at /home/nexusx45/Code/user-project/node_modules/express/lib/router/index.js:284:15
    at param (/home/nexusx45/Code/user-project/node_modules/express/lib/router/index.js:365:14)
    at param (/home/nexusx45/Code/user-project/node_modules/express/lib/router/index.js:376:14)
    at Function.process_params (/home/nexusx45/Code/user-project/node_modules/express/lib/router/index.js:421:3)
2023-02-16T10:42:53.537Z [Log] error: auth fail, method: authHandler
    Error: Authentication Failed
    at new ApiError (/home/nexusx45/Code/user-project/src/utils/classes/api-errors.js:16:11)
    at authHandler (/home/nexusx45/Code/user-project/src/middleware/auth.middleware.js:11:11)
    at Layer.handle [as handle_request] (/home/nexusx45/Code/user-project/node_modules/express/lib/router/layer.js:95:5)
    at next (/home/nexusx45/Code/user-project/node_modules/express/lib/router/route.js:144:13)
    at Route.dispatch (/home/nexusx45/Code/user-project/node_modules/express/lib/router/route.js:114:3)
    at Layer.handle [as handle_request] (/home/nexusx45/Code/user-project/node_modules/express/lib/router/layer.js:95:5)
    at /home/nexusx45/Code/user-project/node_modules/express/lib/router/index.js:284:15
    at param (/home/nexusx45/Code/user-project/node_modules/express/lib/router/index.js:365:14)
    at param (/home/nexusx45/Code/user-project/node_modules/express/lib/router/index.js:376:14)
    at Function.process_params (/home/nexusx45/Code/user-project/node_modules/express/lib/router/index.js:421:3)
2023-02-16T10:43:13.998Z [Log] error: forbidden, method: createUser
    Error: User is not authorized
    at new ApiError (/home/nexusx45/Code/user-project/src/utils/classes/api-errors.js:16:11)
    at Object.<anonymous> (/home/nexusx45/Code/user-project/src/controller/user.controller.js:6:19)
    at Module._compile (internal/modules/cjs/loader.js:999:30)
    at Object.Module._extensions..js (internal/modules/cjs/loader.js:1027:10)
    at Module.load (internal/modules/cjs/loader.js:863:32)
    at Function.Module._load (internal/modules/cjs/loader.js:708:14)
    at Module.require (internal/modules/cjs/loader.js:887:19)
    at require (internal/modules/cjs/helpers.js:74:18)
    at Object.<anonymous> (/home/nexusx45/Code/user-project/src/routes/user.route.js:2:24)
    at Module._compile (internal/modules/cjs/loader.js:999:30)
2023-02-16T10:45:10.748Z [Log] error: forbidden, method: createUser
    Error: User is not authorized
    at new ApiError (/home/nexusx45/Code/user-project/src/utils/classes/api-errors.js:16:11)
    at Object.<anonymous> (/home/nexusx45/Code/user-project/src/controller/user.controller.js:6:19)
    at Module._compile (internal/modules/cjs/loader.js:999:30)
    at Object.Module._extensions..js (internal/modules/cjs/loader.js:1027:10)
    at Module.load (internal/modules/cjs/loader.js:863:32)
    at Function.Module._load (internal/modules/cjs/loader.js:708:14)
    at Module.require (internal/modules/cjs/loader.js:887:19)
    at require (internal/modules/cjs/helpers.js:74:18)
    at Object.<anonymous> (/home/nexusx45/Code/user-project/src/routes/user.route.js:2:24)
    at Module._compile (internal/modules/cjs/loader.js:999:30)
2023-02-16T10:47:58.933Z [Log] error: forbidden, method: createUser
    Error: User is not authorized
    at new ApiError (/home/nexusx45/Code/user-project/src/utils/classes/api-errors.js:16:11)
    at Object.<anonymous> (/home/nexusx45/Code/user-project/src/controller/user.controller.js:6:19)
    at Module._compile (internal/modules/cjs/loader.js:999:30)
    at Object.Module._extensions..js (internal/modules/cjs/loader.js:1027:10)
    at Module.load (internal/modules/cjs/loader.js:863:32)
    at Function.Module._load (internal/modules/cjs/loader.js:708:14)
    at Module.require (internal/modules/cjs/loader.js:887:19)
    at require (internal/modules/cjs/helpers.js:74:18)
    at Object.<anonymous> (/home/nexusx45/Code/user-project/src/routes/user.route.js:2:24)
    at Module._compile (internal/modules/cjs/loader.js:999:30)
2023-02-16T10:48:11.613Z [Log] error: forbidden, method: createUser
    Error: User is not authorized
    at new ApiError (/home/nexusx45/Code/user-project/src/utils/classes/api-errors.js:16:11)
    at Object.<anonymous> (/home/nexusx45/Code/user-project/src/controller/user.controller.js:6:19)
    at Module._compile (internal/modules/cjs/loader.js:999:30)
    at Object.Module._extensions..js (internal/modules/cjs/loader.js:1027:10)
    at Module.load (internal/modules/cjs/loader.js:863:32)
    at Function.Module._load (internal/modules/cjs/loader.js:708:14)
    at Module.require (internal/modules/cjs/loader.js:887:19)
    at require (internal/modules/cjs/helpers.js:74:18)
    at Object.<anonymous> (/home/nexusx45/Code/user-project/src/routes/user.route.js:2:24)
    at Module._compile (internal/modules/cjs/loader.js:999:30)
2023-02-16T12:06:24.069Z [Log] error: forbidden, method: Anonymous
    Error: User is not authorized
    at new ApiError (/home/nexusx45/Code/user-project/src/utils/classes/api-errors.js:16:11)
    at Object.<anonymous> (/home/nexusx45/Code/user-project/src/controller/user.controller.js:6:19)
    at Module._compile (internal/modules/cjs/loader.js:999:30)
    at Object.Module._extensions..js (internal/modules/cjs/loader.js:1027:10)
    at Module.load (internal/modules/cjs/loader.js:863:32)
    at Function.Module._load (internal/modules/cjs/loader.js:708:14)
    at Module.require (internal/modules/cjs/loader.js:887:19)
    at require (internal/modules/cjs/helpers.js:74:18)
    at Object.<anonymous> (/home/nexusx45/Code/user-project/src/routes/user.route.js:2:24)
    at Module._compile (internal/modules/cjs/loader.js:999:30)
2023-02-16T12:08:39.029Z [Log] error: forbidden, method: Anonymous
    Error: User is not authorized
    at new ApiError (/home/nexusx45/Code/user-project/src/utils/classes/api-errors.js:16:11)
    at Object.<anonymous> (/home/nexusx45/Code/user-project/src/controller/user.controller.js:6:19)
    at Module._compile (internal/modules/cjs/loader.js:999:30)
    at Object.Module._extensions..js (internal/modules/cjs/loader.js:1027:10)
    at Module.load (internal/modules/cjs/loader.js:863:32)
    at Function.Module._load (internal/modules/cjs/loader.js:708:14)
    at Module.require (internal/modules/cjs/loader.js:887:19)
    at require (internal/modules/cjs/helpers.js:74:18)
    at Object.<anonymous> (/home/nexusx45/Code/user-project/src/routes/user.route.js:2:24)
    at Module._compile (internal/modules/cjs/loader.js:999:30)
2023-02-17T05:01:51.420Z [Log] error: Cannot read property '0' of undefined, method: undefined
    TypeError: Cannot read property '0' of undefined
    at handleBulkUser (/home/nexusx45/Code/user-project/src/services/bulk-create.service.js:5:26)
    at handleBulkUser (/home/nexusx45/Code/user-project/src/controller/user.controller.js:112:7)
    at Layer.handle [as handle_request] (/home/nexusx45/Code/user-project/node_modules/express/lib/router/layer.js:95:5)
    at next (/home/nexusx45/Code/user-project/node_modules/express/lib/router/route.js:144:13)
    at done (/home/nexusx45/Code/user-project/node_modules/multer/lib/make-middleware.js:45:7)
    at indicateDone (/home/nexusx45/Code/user-project/node_modules/multer/lib/make-middleware.js:49:68)
    at /home/nexusx45/Code/user-project/node_modules/multer/lib/make-middleware.js:155:11
    at WriteStream.<anonymous> (/home/nexusx45/Code/user-project/node_modules/multer/storage/disk.js:43:9)
    at WriteStream.emit (events.js:326:22)
    at finishMaybe (_stream_writable.js:639:14)
2023-02-17T05:58:47.093Z [Log] error: writeOptions is not defined, method: undefined
    ReferenceError: writeOptions is not defined
    at handleBulkUser (/home/nexusx45/Code/user-project/src/services/bulk-create.service.js:34:5)
    at handleBulkUser (/home/nexusx45/Code/user-project/src/controller/user.controller.js:112:7)
    at Layer.handle [as handle_request] (/home/nexusx45/Code/user-project/node_modules/express/lib/router/layer.js:95:5)
    at next (/home/nexusx45/Code/user-project/node_modules/express/lib/router/route.js:144:13)
    at done (/home/nexusx45/Code/user-project/node_modules/multer/lib/make-middleware.js:45:7)
    at indicateDone (/home/nexusx45/Code/user-project/node_modules/multer/lib/make-middleware.js:49:68)
    at /home/nexusx45/Code/user-project/node_modules/multer/lib/make-middleware.js:155:11
    at WriteStream.<anonymous> (/home/nexusx45/Code/user-project/node_modules/multer/storage/disk.js:43:9)
    at WriteStream.emit (events.js:326:22)
    at finishMaybe (_stream_writable.js:639:14)
2023-02-17T05:59:37.860Z [Log] error: aoa_to_sheet expects an array of arrays, method: undefined
    Error: aoa_to_sheet expects an array of arrays
    at sheet_add_aoa (/home/nexusx45/Code/user-project/node_modules/xlsx/xlsx.js:3778:37)
    at Object.aoa_to_sheet (/home/nexusx45/Code/user-project/node_modules/xlsx/xlsx.js:3819:44)
    at /home/nexusx45/Code/user-project/node_modules/node-xlsx/lib/index.js:49:40
    at Array.reduce (<anonymous>)
    at Object.build (/home/nexusx45/Code/user-project/node_modules/node-xlsx/lib/index.js:47:33)
    at handleBulkUser (/home/nexusx45/Code/user-project/src/services/bulk-create.service.js:33:23)
    at handleBulkUser (/home/nexusx45/Code/user-project/src/controller/user.controller.js:112:7)
    at Layer.handle [as handle_request] (/home/nexusx45/Code/user-project/node_modules/express/lib/router/layer.js:95:5)
    at next (/home/nexusx45/Code/user-project/node_modules/express/lib/router/route.js:144:13)
    at done (/home/nexusx45/Code/user-project/node_modules/multer/lib/make-middleware.js:45:7)
2023-02-17T06:59:48.746Z [Log] error: auth fail, method: authHandler
    Error: Authentication Failed
    at new ApiError (/home/nexusx45/Code/user-project/src/utils/classes/api-errors.js:16:11)
    at authHandler (/home/nexusx45/Code/user-project/src/middleware/auth.middleware.js:23:11)
    at Layer.handle [as handle_request] (/home/nexusx45/Code/user-project/node_modules/express/lib/router/layer.js:95:5)
    at next (/home/nexusx45/Code/user-project/node_modules/express/lib/router/route.js:144:13)
    at Route.dispatch (/home/nexusx45/Code/user-project/node_modules/express/lib/router/route.js:114:3)
    at Layer.handle [as handle_request] (/home/nexusx45/Code/user-project/node_modules/express/lib/router/layer.js:95:5)
    at /home/nexusx45/Code/user-project/node_modules/express/lib/router/index.js:284:15
    at Function.process_params (/home/nexusx45/Code/user-project/node_modules/express/lib/router/index.js:346:12)
    at next (/home/nexusx45/Code/user-project/node_modules/express/lib/router/index.js:280:10)
    at Function.handle (/home/nexusx45/Code/user-project/node_modules/express/lib/router/index.js:175:3)
2023-02-17T07:04:48.190Z [Log] error: auth fail, method: authHandler
    Error: Authentication Failed
    at new ApiError (/home/nexusx45/Code/user-project/src/utils/classes/api-errors.js:16:11)
    at authHandler (/home/nexusx45/Code/user-project/src/middleware/auth.middleware.js:32:11)
    at Layer.handle [as handle_request] (/home/nexusx45/Code/user-project/node_modules/express/lib/router/layer.js:95:5)
    at next (/home/nexusx45/Code/user-project/node_modules/express/lib/router/route.js:144:13)
    at Route.dispatch (/home/nexusx45/Code/user-project/node_modules/express/lib/router/route.js:114:3)
    at Layer.handle [as handle_request] (/home/nexusx45/Code/user-project/node_modules/express/lib/router/layer.js:95:5)
    at /home/nexusx45/Code/user-project/node_modules/express/lib/router/index.js:284:15
    at Function.process_params (/home/nexusx45/Code/user-project/node_modules/express/lib/router/index.js:346:12)
    at next (/home/nexusx45/Code/user-project/node_modules/express/lib/router/index.js:280:10)
    at Function.handle (/home/nexusx45/Code/user-project/node_modules/express/lib/router/index.js:175:3)
2023-02-17T07:06:08.154Z [Log] error: auth fail, method: authHandler
    Error: Authentication Failed
    at new ApiError (/home/nexusx45/Code/user-project/src/utils/classes/api-errors.js:16:11)
    at authHandler (/home/nexusx45/Code/user-project/src/middleware/auth.middleware.js:32:11)
    at Layer.handle [as handle_request] (/home/nexusx45/Code/user-project/node_modules/express/lib/router/layer.js:95:5)
    at next (/home/nexusx45/Code/user-project/node_modules/express/lib/router/route.js:144:13)
    at Route.dispatch (/home/nexusx45/Code/user-project/node_modules/express/lib/router/route.js:114:3)
    at Layer.handle [as handle_request] (/home/nexusx45/Code/user-project/node_modules/express/lib/router/layer.js:95:5)
    at /home/nexusx45/Code/user-project/node_modules/express/lib/router/index.js:284:15
    at Function.process_params (/home/nexusx45/Code/user-project/node_modules/express/lib/router/index.js:346:12)
    at next (/home/nexusx45/Code/user-project/node_modules/express/lib/router/index.js:280:10)
    at Function.handle (/home/nexusx45/Code/user-project/node_modules/express/lib/router/index.js:175:3)
2023-02-17T07:06:48.646Z [Log] error: auth fail, method: authHandler
    Error: Authentication Failed
    at new ApiError (/home/nexusx45/Code/user-project/src/utils/classes/api-errors.js:16:11)
    at authHandler (/home/nexusx45/Code/user-project/src/middleware/auth.middleware.js:33:11)
    at Layer.handle [as handle_request] (/home/nexusx45/Code/user-project/node_modules/express/lib/router/layer.js:95:5)
    at next (/home/nexusx45/Code/user-project/node_modules/express/lib/router/route.js:144:13)
    at Route.dispatch (/home/nexusx45/Code/user-project/node_modules/express/lib/router/route.js:114:3)
    at Layer.handle [as handle_request] (/home/nexusx45/Code/user-project/node_modules/express/lib/router/layer.js:95:5)
    at /home/nexusx45/Code/user-project/node_modules/express/lib/router/index.js:284:15
    at Function.process_params (/home/nexusx45/Code/user-project/node_modules/express/lib/router/index.js:346:12)
    at next (/home/nexusx45/Code/user-project/node_modules/express/lib/router/index.js:280:10)
    at Function.handle (/home/nexusx45/Code/user-project/node_modules/express/lib/router/index.js:175:3)
2023-02-17T07:08:38.171Z [Log] error: auth fail, method: authHandler
    Error: Authentication Failed
    at new ApiError (/home/nexusx45/Code/user-project/src/utils/classes/api-errors.js:16:11)
    at authHandler (/home/nexusx45/Code/user-project/src/middleware/auth.middleware.js:33:11)
    at Layer.handle [as handle_request] (/home/nexusx45/Code/user-project/node_modules/express/lib/router/layer.js:95:5)
    at next (/home/nexusx45/Code/user-project/node_modules/express/lib/router/route.js:144:13)
    at Route.dispatch (/home/nexusx45/Code/user-project/node_modules/express/lib/router/route.js:114:3)
    at Layer.handle [as handle_request] (/home/nexusx45/Code/user-project/node_modules/express/lib/router/layer.js:95:5)
    at /home/nexusx45/Code/user-project/node_modules/express/lib/router/index.js:284:15
    at Function.process_params (/home/nexusx45/Code/user-project/node_modules/express/lib/router/index.js:346:12)
    at next (/home/nexusx45/Code/user-project/node_modules/express/lib/router/index.js:280:10)
    at Function.handle (/home/nexusx45/Code/user-project/node_modules/express/lib/router/index.js:175:3)
2023-02-17T07:08:56.887Z [Log] error: auth fail, method: authHandler
    Error: Authentication Failed
    at new ApiError (/home/nexusx45/Code/user-project/src/utils/classes/api-errors.js:16:11)
    at authHandler (/home/nexusx45/Code/user-project/src/middleware/auth.middleware.js:33:11)
    at Layer.handle [as handle_request] (/home/nexusx45/Code/user-project/node_modules/express/lib/router/layer.js:95:5)
    at next (/home/nexusx45/Code/user-project/node_modules/express/lib/router/route.js:144:13)
    at Route.dispatch (/home/nexusx45/Code/user-project/node_modules/express/lib/router/route.js:114:3)
    at Layer.handle [as handle_request] (/home/nexusx45/Code/user-project/node_modules/express/lib/router/layer.js:95:5)
    at /home/nexusx45/Code/user-project/node_modules/express/lib/router/index.js:284:15
    at Function.process_params (/home/nexusx45/Code/user-project/node_modules/express/lib/router/index.js:346:12)
    at next (/home/nexusx45/Code/user-project/node_modules/express/lib/router/index.js:280:10)
    at Function.handle (/home/nexusx45/Code/user-project/node_modules/express/lib/router/index.js:175:3)
2023-02-17T07:10:49.003Z [Log] error: auth fail, method: authHandler
    Error: Authentication Failed
    at new ApiError (/home/nexusx45/Code/user-project/src/utils/classes/api-errors.js:16:11)
    at authHandler (/home/nexusx45/Code/user-project/src/middleware/auth.middleware.js:33:11)
    at Layer.handle [as handle_request] (/home/nexusx45/Code/user-project/node_modules/express/lib/router/layer.js:95:5)
    at next (/home/nexusx45/Code/user-project/node_modules/express/lib/router/route.js:144:13)
    at Route.dispatch (/home/nexusx45/Code/user-project/node_modules/express/lib/router/route.js:114:3)
    at Layer.handle [as handle_request] (/home/nexusx45/Code/user-project/node_modules/express/lib/router/layer.js:95:5)
    at /home/nexusx45/Code/user-project/node_modules/express/lib/router/index.js:284:15
    at Function.process_params (/home/nexusx45/Code/user-project/node_modules/express/lib/router/index.js:346:12)
    at next (/home/nexusx45/Code/user-project/node_modules/express/lib/router/index.js:280:10)
    at Function.handle (/home/nexusx45/Code/user-project/node_modules/express/lib/router/index.js:175:3)
2023-02-17T07:12:01.211Z [Log] error: forbidden, method: Anonymous
    Error: User is not authorized
    at new ApiError (/home/nexusx45/Code/user-project/src/utils/classes/api-errors.js:16:11)
    at Object.<anonymous> (/home/nexusx45/Code/user-project/src/middleware/auth.middleware.js:15:19)
    at Module._compile (internal/modules/cjs/loader.js:999:30)
    at Object.Module._extensions..js (internal/modules/cjs/loader.js:1027:10)
    at Module.load (internal/modules/cjs/loader.js:863:32)
    at Function.Module._load (internal/modules/cjs/loader.js:708:14)
    at Module.require (internal/modules/cjs/loader.js:887:19)
    at require (internal/modules/cjs/helpers.js:74:18)
    at Object.<anonymous> (/home/nexusx45/Code/user-project/src/routes/user.route.js:3:21)
    at Module._compile (internal/modules/cjs/loader.js:999:30)
2023-02-17T07:13:17.765Z [Log] error: forbidden, method: Anonymous
    Error: User is not authorized
    at new ApiError (/home/nexusx45/Code/user-project/src/utils/classes/api-errors.js:16:11)
    at Object.<anonymous> (/home/nexusx45/Code/user-project/src/middleware/auth.middleware.js:15:19)
    at Module._compile (internal/modules/cjs/loader.js:999:30)
    at Object.Module._extensions..js (internal/modules/cjs/loader.js:1027:10)
    at Module.load (internal/modules/cjs/loader.js:863:32)
    at Function.Module._load (internal/modules/cjs/loader.js:708:14)
    at Module.require (internal/modules/cjs/loader.js:887:19)
    at require (internal/modules/cjs/helpers.js:74:18)
    at Object.<anonymous> (/home/nexusx45/Code/user-project/src/routes/user.route.js:3:21)
    at Module._compile (internal/modules/cjs/loader.js:999:30)
2023-02-17T07:13:49.859Z [Log] error: forbidden, method: Anonymous
    Error: User is not authorized
    at new ApiError (/home/nexusx45/Code/user-project/src/utils/classes/api-errors.js:16:11)
    at Object.<anonymous> (/home/nexusx45/Code/user-project/src/middleware/auth.middleware.js:15:19)
    at Module._compile (internal/modules/cjs/loader.js:999:30)
    at Object.Module._extensions..js (internal/modules/cjs/loader.js:1027:10)
    at Module.load (internal/modules/cjs/loader.js:863:32)
    at Function.Module._load (internal/modules/cjs/loader.js:708:14)
    at Module.require (internal/modules/cjs/loader.js:887:19)
    at require (internal/modules/cjs/helpers.js:74:18)
    at Object.<anonymous> (/home/nexusx45/Code/user-project/src/routes/user.route.js:3:21)
    at Module._compile (internal/modules/cjs/loader.js:999:30)
2023-02-17T07:15:14.765Z [Log] error: forbidden, method: Anonymous
    Error: User is not authorized
    at new ApiError (/home/nexusx45/Code/user-project/src/utils/classes/api-errors.js:16:11)
    at Object.<anonymous> (/home/nexusx45/Code/user-project/src/middleware/auth.middleware.js:15:19)
    at Module._compile (internal/modules/cjs/loader.js:999:30)
    at Object.Module._extensions..js (internal/modules/cjs/loader.js:1027:10)
    at Module.load (internal/modules/cjs/loader.js:863:32)
    at Function.Module._load (internal/modules/cjs/loader.js:708:14)
    at Module.require (internal/modules/cjs/loader.js:887:19)
    at require (internal/modules/cjs/helpers.js:74:18)
    at Object.<anonymous> (/home/nexusx45/Code/user-project/src/routes/user.route.js:3:21)
    at Module._compile (internal/modules/cjs/loader.js:999:30)
2023-02-17T07:36:43.015Z [Log] error: invalid creds, method: loginUser
    Error: Invalid Credentials
    at new ApiError (/home/nexusx45/Code/user-project/src/utils/classes/api-errors.js:16:11)
    at loginUser (/home/nexusx45/Code/user-project/src/controller/user.controller.js:80:30)
    at Layer.handle [as handle_request] (/home/nexusx45/Code/user-project/node_modules/express/lib/router/layer.js:95:5)
    at next (/home/nexusx45/Code/user-project/node_modules/express/lib/router/route.js:144:13)
    at Route.dispatch (/home/nexusx45/Code/user-project/node_modules/express/lib/router/route.js:114:3)
    at Layer.handle [as handle_request] (/home/nexusx45/Code/user-project/node_modules/express/lib/router/layer.js:95:5)
    at /home/nexusx45/Code/user-project/node_modules/express/lib/router/index.js:284:15
    at Function.process_params (/home/nexusx45/Code/user-project/node_modules/express/lib/router/index.js:346:12)
    at next (/home/nexusx45/Code/user-project/node_modules/express/lib/router/index.js:280:10)
    at Function.handle (/home/nexusx45/Code/user-project/node_modules/express/lib/router/index.js:175:3)
2023-02-17T07:37:30.946Z [Log] error: forbidden, method: Anonymous
    Error: User is not authorized
    at new ApiError (/home/nexusx45/Code/user-project/src/utils/classes/api-errors.js:16:11)
    at Object.<anonymous> (/home/nexusx45/Code/user-project/src/middleware/auth.middleware.js:15:19)
    at Module._compile (internal/modules/cjs/loader.js:999:30)
    at Object.Module._extensions..js (internal/modules/cjs/loader.js:1027:10)
    at Module.load (internal/modules/cjs/loader.js:863:32)
    at Function.Module._load (internal/modules/cjs/loader.js:708:14)
    at Module.require (internal/modules/cjs/loader.js:887:19)
    at require (internal/modules/cjs/helpers.js:74:18)
    at Object.<anonymous> (/home/nexusx45/Code/user-project/src/routes/user.route.js:3:21)
    at Module._compile (internal/modules/cjs/loader.js:999:30)
2023-02-17T07:37:35.330Z [Log] error: forbidden, method: Anonymous
    Error: User is not authorized
    at new ApiError (/home/nexusx45/Code/user-project/src/utils/classes/api-errors.js:16:11)
    at Object.<anonymous> (/home/nexusx45/Code/user-project/src/middleware/auth.middleware.js:15:19)
    at Module._compile (internal/modules/cjs/loader.js:999:30)
    at Object.Module._extensions..js (internal/modules/cjs/loader.js:1027:10)
    at Module.load (internal/modules/cjs/loader.js:863:32)
    at Function.Module._load (internal/modules/cjs/loader.js:708:14)
    at Module.require (internal/modules/cjs/loader.js:887:19)
    at require (internal/modules/cjs/helpers.js:74:18)
    at Object.<anonymous> (/home/nexusx45/Code/user-project/src/routes/user.route.js:3:21)
    at Module._compile (internal/modules/cjs/loader.js:999:30)
2023-02-17T07:37:51.363Z [Log] error: forbidden, method: Anonymous
    Error: User is not authorized
    at new ApiError (/home/nexusx45/Code/user-project/src/utils/classes/api-errors.js:16:11)
    at Object.<anonymous> (/home/nexusx45/Code/user-project/src/middleware/auth.middleware.js:15:19)
    at Module._compile (internal/modules/cjs/loader.js:999:30)
    at Object.Module._extensions..js (internal/modules/cjs/loader.js:1027:10)
    at Module.load (internal/modules/cjs/loader.js:863:32)
    at Function.Module._load (internal/modules/cjs/loader.js:708:14)
    at Module.require (internal/modules/cjs/loader.js:887:19)
    at require (internal/modules/cjs/helpers.js:74:18)
    at Object.<anonymous> (/home/nexusx45/Code/user-project/src/routes/user.route.js:3:21)
    at Module._compile (internal/modules/cjs/loader.js:999:30)
2023-02-17T07:37:59.455Z [Log] error: forbidden, method: Anonymous
    Error: User is not authorized
    at new ApiError (/home/nexusx45/Code/user-project/src/utils/classes/api-errors.js:16:11)
    at Object.<anonymous> (/home/nexusx45/Code/user-project/src/middleware/auth.middleware.js:15:19)
    at Module._compile (internal/modules/cjs/loader.js:999:30)
    at Object.Module._extensions..js (internal/modules/cjs/loader.js:1027:10)
    at Module.load (internal/modules/cjs/loader.js:863:32)
    at Function.Module._load (internal/modules/cjs/loader.js:708:14)
    at Module.require (internal/modules/cjs/loader.js:887:19)
    at require (internal/modules/cjs/helpers.js:74:18)
    at Object.<anonymous> (/home/nexusx45/Code/user-project/src/routes/user.route.js:3:21)
    at Module._compile (internal/modules/cjs/loader.js:999:30)
2023-02-17T07:58:58.297Z [Log] error: forbidden, method: Anonymous
    Error: User is not authorized
    at new ApiError (/home/nexusx45/Code/user-project/src/utils/classes/api-errors.js:16:11)
    at Object.<anonymous> (/home/nexusx45/Code/user-project/src/middleware/auth.middleware.js:15:19)
    at Module._compile (internal/modules/cjs/loader.js:999:30)
    at Object.Module._extensions..js (internal/modules/cjs/loader.js:1027:10)
    at Module.load (internal/modules/cjs/loader.js:863:32)
    at Function.Module._load (internal/modules/cjs/loader.js:708:14)
    at Module.require (internal/modules/cjs/loader.js:887:19)
    at require (internal/modules/cjs/helpers.js:74:18)
    at Object.<anonymous> (/home/nexusx45/Code/user-project/src/routes/user.route.js:3:21)
    at Module._compile (internal/modules/cjs/loader.js:999:30)
2023-02-17T07:59:26.279Z [Log] error: forbidden, method: Anonymous
    Error: User is not authorized
    at new ApiError (/home/nexusx45/Code/user-project/src/utils/classes/api-errors.js:16:11)
    at Object.<anonymous> (/home/nexusx45/Code/user-project/src/middleware/auth.middleware.js:15:19)
    at Module._compile (internal/modules/cjs/loader.js:999:30)
    at Object.Module._extensions..js (internal/modules/cjs/loader.js:1027:10)
    at Module.load (internal/modules/cjs/loader.js:863:32)
    at Function.Module._load (internal/modules/cjs/loader.js:708:14)
    at Module.require (internal/modules/cjs/loader.js:887:19)
    at require (internal/modules/cjs/helpers.js:74:18)
    at Object.<anonymous> (/home/nexusx45/Code/user-project/src/routes/user.route.js:3:21)
    at Module._compile (internal/modules/cjs/loader.js:999:30)
2023-02-20T07:38:54.170Z [Log] error: Missing required key 'Key' in params, method: undefined
    MissingRequiredParameter: Missing required key 'Key' in params
    at ParamValidator.fail (/home/nexusx45/Code/user-project/node_modules/aws-sdk/lib/param_validator.js:50:37)
    at ParamValidator.validateStructure (/home/nexusx45/Code/user-project/node_modules/aws-sdk/lib/param_validator.js:62:14)
    at ParamValidator.validateMember (/home/nexusx45/Code/user-project/node_modules/aws-sdk/lib/param_validator.js:89:21)
    at ParamValidator.validate (/home/nexusx45/Code/user-project/node_modules/aws-sdk/lib/param_validator.js:34:10)
    at Request.VALIDATE_PARAMETERS (/home/nexusx45/Code/user-project/node_modules/aws-sdk/lib/event_listeners.js:166:42)
    at Request.callListeners (/home/nexusx45/Code/user-project/node_modules/aws-sdk/lib/sequential_executor.js:106:20)
    at callNextListener (/home/nexusx45/Code/user-project/node_modules/aws-sdk/lib/sequential_executor.js:96:12)
    at /home/nexusx45/Code/user-project/node_modules/aws-sdk/lib/event_listeners.js:120:11
    at finish (/home/nexusx45/Code/user-project/node_modules/aws-sdk/lib/config.js:396:7)
    at /home/nexusx45/Code/user-project/node_modules/aws-sdk/lib/config.js:414:9
2023-02-20T09:34:34.899Z [Log] error: data and hash arguments required, method: undefined
    Error: data and hash arguments required
    at Object.compare (/home/nexusx45/Code/user-project/node_modules/bcrypt/bcrypt.js:208:17)
    at /home/nexusx45/Code/user-project/node_modules/bcrypt/promises.js:29:12
    at new Promise (<anonymous>)
    at Object.module.exports.promise (/home/nexusx45/Code/user-project/node_modules/bcrypt/promises.js:20:12)
    at Object.compare (/home/nexusx45/Code/user-project/node_modules/bcrypt/bcrypt.js:204:25)
    at loginUser (/home/nexusx45/Code/user-project/src/controller/user.controller.js:92:38)
    at processTicksAndRejections (internal/process/task_queues.js:97:5)
2023-02-20T09:36:31.914Z [Log] error: data and hash arguments required, method: undefined
    Error: data and hash arguments required
    at Object.compare (/home/nexusx45/Code/user-project/node_modules/bcrypt/bcrypt.js:208:17)
    at /home/nexusx45/Code/user-project/node_modules/bcrypt/promises.js:29:12
    at new Promise (<anonymous>)
    at Object.module.exports.promise (/home/nexusx45/Code/user-project/node_modules/bcrypt/promises.js:20:12)
    at Object.compare (/home/nexusx45/Code/user-project/node_modules/bcrypt/bcrypt.js:204:25)
    at loginUser (/home/nexusx45/Code/user-project/src/controller/user.controller.js:93:38)
    at processTicksAndRejections (internal/process/task_queues.js:97:5)
2023-02-20T09:36:58.163Z [Log] error: invalid creds, method: loginUser
    Error: Invalid Credentials
    at new ApiError (/home/nexusx45/Code/user-project/src/utils/classes/api-errors.js:16:11)
    at loginUser (/home/nexusx45/Code/user-project/src/controller/user.controller.js:82:30)
    at Layer.handle [as handle_request] (/home/nexusx45/Code/user-project/node_modules/express/lib/router/layer.js:95:5)
    at next (/home/nexusx45/Code/user-project/node_modules/express/lib/router/route.js:144:13)
    at Route.dispatch (/home/nexusx45/Code/user-project/node_modules/express/lib/router/route.js:114:3)
    at Layer.handle [as handle_request] (/home/nexusx45/Code/user-project/node_modules/express/lib/router/layer.js:95:5)
    at /home/nexusx45/Code/user-project/node_modules/express/lib/router/index.js:284:15
    at Function.process_params (/home/nexusx45/Code/user-project/node_modules/express/lib/router/index.js:346:12)
    at next (/home/nexusx45/Code/user-project/node_modules/express/lib/router/index.js:280:10)
    at Function.handle (/home/nexusx45/Code/user-project/node_modules/express/lib/router/index.js:175:3)
2023-02-20T09:37:31.984Z [Log] error: Invalid select: select only takes 1 argument, method: undefined
    Error: Invalid select: select only takes 1 argument
    at model.Query.select (/home/nexusx45/Code/user-project/node_modules/mongoose/lib/query.js:1100:11)
    at loginUser (/home/nexusx45/Code/user-project/src/controller/user.controller.js:90:71)
    at Layer.handle [as handle_request] (/home/nexusx45/Code/user-project/node_modules/express/lib/router/layer.js:95:5)
    at next (/home/nexusx45/Code/user-project/node_modules/express/lib/router/route.js:144:13)
    at Route.dispatch (/home/nexusx45/Code/user-project/node_modules/express/lib/router/route.js:114:3)
    at Layer.handle [as handle_request] (/home/nexusx45/Code/user-project/node_modules/express/lib/router/layer.js:95:5)
    at /home/nexusx45/Code/user-project/node_modules/express/lib/router/index.js:284:15
    at Function.process_params (/home/nexusx45/Code/user-project/node_modules/express/lib/router/index.js:346:12)
    at next (/home/nexusx45/Code/user-project/node_modules/express/lib/router/index.js:280:10)
    at Function.handle (/home/nexusx45/Code/user-project/node_modules/express/lib/router/index.js:175:3)
2023-02-20T09:37:52.193Z [Log] error: data and hash arguments required, method: undefined
    Error: data and hash arguments required
    at Object.compare (/home/nexusx45/Code/user-project/node_modules/bcrypt/bcrypt.js:208:17)
    at /home/nexusx45/Code/user-project/node_modules/bcrypt/promises.js:29:12
    at new Promise (<anonymous>)
    at Object.module.exports.promise (/home/nexusx45/Code/user-project/node_modules/bcrypt/promises.js:20:12)
    at Object.compare (/home/nexusx45/Code/user-project/node_modules/bcrypt/bcrypt.js:204:25)
    at loginUser (/home/nexusx45/Code/user-project/src/controller/user.controller.js:95:38)
    at processTicksAndRejections (internal/process/task_queues.js:97:5)
2023-02-20T09:38:20.005Z [Log] error: invalid creds, method: loginUser
    Error: Invalid Credentials
    at new ApiError (/home/nexusx45/Code/user-project/src/utils/classes/api-errors.js:16:11)
    at loginUser (/home/nexusx45/Code/user-project/src/controller/user.controller.js:82:30)
    at Layer.handle [as handle_request] (/home/nexusx45/Code/user-project/node_modules/express/lib/router/layer.js:95:5)
    at next (/home/nexusx45/Code/user-project/node_modules/express/lib/router/route.js:144:13)
    at Route.dispatch (/home/nexusx45/Code/user-project/node_modules/express/lib/router/route.js:114:3)
    at Layer.handle [as handle_request] (/home/nexusx45/Code/user-project/node_modules/express/lib/router/layer.js:95:5)
    at /home/nexusx45/Code/user-project/node_modules/express/lib/router/index.js:284:15
    at Function.process_params (/home/nexusx45/Code/user-project/node_modules/express/lib/router/index.js:346:12)
    at next (/home/nexusx45/Code/user-project/node_modules/express/lib/router/index.js:280:10)
    at Function.handle (/home/nexusx45/Code/user-project/node_modules/express/lib/router/index.js:175:3)
